<?xml version="1.0" encoding="UTF-8"?>
<testng-results skipped="0" failed="0" total="11" passed="11">
  <reporter-output>
  </reporter-output>
  <suite name="Default suite" duration-ms="69571" started-at="2014-04-23T20:15:39Z" finished-at="2014-04-23T20:16:49Z">
    <groups>
    </groups>
    <test name="Default test" duration-ms="69571" started-at="2014-04-23T20:15:39Z" finished-at="2014-04-23T20:16:49Z">
      <class name="com.example.tests.GroupModification">
        <test-method status="PASS" signature="modifySomeGroup(com.example.tests.GroupData)[pri:0, instance:com.example.tests.GroupModification@18ab963]" name="modifySomeGroup" duration-ms="2696" started-at="2014-04-24T00:16:27Z" data-provider="randomValidGroupGenerator" finished-at="2014-04-24T00:16:30Z">
          <params>
            <param index="0">
              <value>
                <![CDATA[GroupData [name=test1999093190, header=, footer=test363204694]]]>
              </value>
            </param>
          </params>
          <reporter-output>
          </reporter-output>
        </test-method> <!-- modifySomeGroup -->
        <test-method status="PASS" signature="modifySomeGroup(com.example.tests.GroupData)[pri:0, instance:com.example.tests.GroupModification@18ab963]" name="modifySomeGroup" duration-ms="2362" started-at="2014-04-24T00:16:30Z" data-provider="randomValidGroupGenerator" finished-at="2014-04-24T00:16:32Z">
          <params>
            <param index="0">
              <value>
                <![CDATA[GroupData [name=, header=test488247888, footer=test1412801133]]]>
              </value>
            </param>
          </params>
          <reporter-output>
          </reporter-output>
        </test-method> <!-- modifySomeGroup -->
        <test-method status="PASS" signature="modifySomeGroup(com.example.tests.GroupData)[pri:0, instance:com.example.tests.GroupModification@18ab963]" name="modifySomeGroup" duration-ms="2150" started-at="2014-04-24T00:16:32Z" data-provider="randomValidGroupGenerator" finished-at="2014-04-24T00:16:34Z">
          <params>
            <param index="0">
              <value>
                <![CDATA[GroupData [name=, header=test855852711, footer=]]]>
              </value>
            </param>
          </params>
          <reporter-output>
          </reporter-output>
        </test-method> <!-- modifySomeGroup -->
        <test-method status="PASS" signature="modifySomeGroup(com.example.tests.GroupData)[pri:0, instance:com.example.tests.GroupModification@18ab963]" name="modifySomeGroup" duration-ms="2228" started-at="2014-04-24T00:16:34Z" data-provider="randomValidGroupGenerator" finished-at="2014-04-24T00:16:36Z">
          <params>
            <param index="0">
              <value>
                <![CDATA[GroupData [name=test-898533644, header=test200278550, footer=test238696192]]]>
              </value>
            </param>
          </params>
          <reporter-output>
          </reporter-output>
        </test-method> <!-- modifySomeGroup -->
        <test-method status="PASS" signature="modifySomeGroup(com.example.tests.GroupData)[pri:0, instance:com.example.tests.GroupModification@18ab963]" name="modifySomeGroup" duration-ms="2211" started-at="2014-04-24T00:16:36Z" data-provider="randomValidGroupGenerator" finished-at="2014-04-24T00:16:39Z">
          <params>
            <param index="0">
              <value>
                <![CDATA[GroupData [name=, header=test-439201345, footer=test2088311291]]]>
              </value>
            </param>
          </params>
          <reporter-output>
          </reporter-output>
        </test-method> <!-- modifySomeGroup -->
      </class> <!-- com.example.tests.GroupModification -->
      <class name="com.example.tests.GroupCreationValid">
        <test-method status="PASS" signature="setUp()[pri:0, instance:com.example.tests.GroupCreationValid@1ee5b36]" name="setUp" is-config="true" duration-ms="2964" started-at="2014-04-24T00:15:39Z" finished-at="2014-04-24T00:15:42Z">
          <reporter-output>
          </reporter-output>
        </test-method> <!-- setUp -->
        <test-method status="PASS" signature="testGroupCreation(com.example.tests.GroupData)[pri:0, instance:com.example.tests.GroupCreationValid@1ee5b36]" name="testGroupCreation" duration-ms="1679" started-at="2014-04-24T00:16:39Z" data-provider="groupsFromFile" finished-at="2014-04-24T00:16:41Z">
          <params>
            <param index="0">
              <value>
                <![CDATA[GroupData [name=test-739870091, header=, footer=test1543640303]]]>
              </value>
            </param>
          </params>
          <reporter-output>
          </reporter-output>
        </test-method> <!-- testGroupCreation -->
        <test-method status="PASS" signature="testGroupCreation(com.example.tests.GroupData)[pri:0, instance:com.example.tests.GroupCreationValid@1ee5b36]" name="testGroupCreation" duration-ms="2157" started-at="2014-04-24T00:16:41Z" data-provider="groupsFromFile" finished-at="2014-04-24T00:16:43Z">
          <params>
            <param index="0">
              <value>
                <![CDATA[GroupData [name=test-1320534168, header=test555315269, footer=]]]>
              </value>
            </param>
          </params>
          <reporter-output>
          </reporter-output>
        </test-method> <!-- testGroupCreation -->
        <test-method status="PASS" signature="testGroupCreation(com.example.tests.GroupData)[pri:0, instance:com.example.tests.GroupCreationValid@1ee5b36]" name="testGroupCreation" duration-ms="1745" started-at="2014-04-24T00:16:43Z" data-provider="groupsFromFile" finished-at="2014-04-24T00:16:45Z">
          <params>
            <param index="0">
              <value>
                <![CDATA[GroupData [name=test1573066587, header=test1017795177, footer=test543533031]]]>
              </value>
            </param>
          </params>
          <reporter-output>
          </reporter-output>
        </test-method> <!-- testGroupCreation -->
        <test-method status="PASS" signature="testGroupCreation(com.example.tests.GroupData)[pri:0, instance:com.example.tests.GroupCreationValid@1ee5b36]" name="testGroupCreation" duration-ms="2005" started-at="2014-04-24T00:16:45Z" data-provider="groupsFromFile" finished-at="2014-04-24T00:16:47Z">
          <params>
            <param index="0">
              <value>
                <![CDATA[GroupData [name=, header=test-1291799785, footer=test-239015983]]]>
              </value>
            </param>
          </params>
          <reporter-output>
          </reporter-output>
        </test-method> <!-- testGroupCreation -->
        <test-method status="PASS" signature="testGroupCreation(com.example.tests.GroupData)[pri:0, instance:com.example.tests.GroupCreationValid@1ee5b36]" name="testGroupCreation" duration-ms="1452" started-at="2014-04-24T00:16:47Z" data-provider="groupsFromFile" finished-at="2014-04-24T00:16:48Z">
          <params>
            <param index="0">
              <value>
                <![CDATA[GroupData [name=test-1058963055, header=test2122533042, footer=]]]>
              </value>
            </param>
          </params>
          <reporter-output>
          </reporter-output>
        </test-method> <!-- testGroupCreation -->
        <test-method status="PASS" signature="tearDown()[pri:0, instance:com.example.tests.GroupCreationValid@1ee5b36]" name="tearDown" is-config="true" duration-ms="390" started-at="2014-04-24T00:16:48Z" finished-at="2014-04-24T00:16:49Z">
          <reporter-output>
          </reporter-output>
        </test-method> <!-- tearDown -->
      </class> <!-- com.example.tests.GroupCreationValid -->
      <class name="com.example.tests.GroupRemoval">
        <test-method status="PASS" signature="deleteSomeGroup()[pri:0, instance:com.example.tests.GroupRemoval@11c2812]" name="deleteSomeGroup" duration-ms="45119" started-at="2014-04-24T00:15:42Z" finished-at="2014-04-24T00:16:27Z">
          <reporter-output>
          </reporter-output>
        </test-method> <!-- deleteSomeGroup -->
      </class> <!-- com.example.tests.GroupRemoval -->
    </test> <!-- Default test -->
  </suite> <!-- Default suite -->
</testng-results>
