<?xml version="1.0" encoding="UTF-8"?>
<testng-results skipped="0" failed="0" total="22" passed="22">
  <reporter-output>
  </reporter-output>
  <suite name="Default suite" duration-ms="107677" started-at="2014-03-15T13:26:05Z" finished-at="2014-03-15T13:27:53Z">
    <groups>
    </groups>
    <test name="Default test" duration-ms="107677" started-at="2014-03-15T13:26:05Z" finished-at="2014-03-15T13:27:53Z">
      <class name="com.example.tests.GroupModification">
        <test-method status="PASS" signature="modifySomeGroup(com.example.tests.GroupData)[pri:0, instance:com.example.tests.GroupModification@16bf9ce]" name="modifySomeGroup" duration-ms="2901" started-at="2014-03-15T17:27:15Z" data-provider="randomValidGroupGenerator" finished-at="2014-03-15T17:27:18Z">
          <params>
            <param index="0">
              <value>
                <![CDATA[GroupData [name=, header=test-1176247916, footer=test-1264114933]]]>
              </value>
            </param>
          </params>
          <reporter-output>
          </reporter-output>
        </test-method> <!-- modifySomeGroup -->
        <test-method status="PASS" signature="modifySomeGroup(com.example.tests.GroupData)[pri:0, instance:com.example.tests.GroupModification@16bf9ce]" name="modifySomeGroup" duration-ms="3169" started-at="2014-03-15T17:27:18Z" data-provider="randomValidGroupGenerator" finished-at="2014-03-15T17:27:21Z">
          <params>
            <param index="0">
              <value>
                <![CDATA[GroupData [name=, header=test-1681477810, footer=test-982754885]]]>
              </value>
            </param>
          </params>
          <reporter-output>
          </reporter-output>
        </test-method> <!-- modifySomeGroup -->
        <test-method status="PASS" signature="modifySomeGroup(com.example.tests.GroupData)[pri:0, instance:com.example.tests.GroupModification@16bf9ce]" name="modifySomeGroup" duration-ms="2641" started-at="2014-03-15T17:27:21Z" data-provider="randomValidGroupGenerator" finished-at="2014-03-15T17:27:24Z">
          <params>
            <param index="0">
              <value>
                <![CDATA[GroupData [name=, header=, footer=test1008981909]]]>
              </value>
            </param>
          </params>
          <reporter-output>
          </reporter-output>
        </test-method> <!-- modifySomeGroup -->
        <test-method status="PASS" signature="modifySomeGroup(com.example.tests.GroupData)[pri:0, instance:com.example.tests.GroupModification@16bf9ce]" name="modifySomeGroup" duration-ms="2718" started-at="2014-03-15T17:27:24Z" data-provider="randomValidGroupGenerator" finished-at="2014-03-15T17:27:26Z">
          <params>
            <param index="0">
              <value>
                <![CDATA[GroupData [name=, header=, footer=test-1336055309]]]>
              </value>
            </param>
          </params>
          <reporter-output>
          </reporter-output>
        </test-method> <!-- modifySomeGroup -->
        <test-method status="PASS" signature="modifySomeGroup(com.example.tests.GroupData)[pri:0, instance:com.example.tests.GroupModification@16bf9ce]" name="modifySomeGroup" duration-ms="3156" started-at="2014-03-15T17:27:26Z" data-provider="randomValidGroupGenerator" finished-at="2014-03-15T17:27:30Z">
          <params>
            <param index="0">
              <value>
                <![CDATA[GroupData [name=test-58339688, header=test1205305291, footer=test205102080]]]>
              </value>
            </param>
          </params>
          <reporter-output>
          </reporter-output>
        </test-method> <!-- modifySomeGroup -->
      </class> <!-- com.example.tests.GroupModification -->
      <class name="com.example.tests.GroupCreationValid">
        <test-method status="PASS" signature="testGroupCreation(com.example.tests.GroupData)[pri:0, instance:com.example.tests.GroupCreationValid@a9f827]" name="testGroupCreation" duration-ms="3341" started-at="2014-03-15T17:27:33Z" data-provider="randomValidGroupGenerator" finished-at="2014-03-15T17:27:36Z">
          <params>
            <param index="0">
              <value>
                <![CDATA[GroupData [name=, header=test-1682686629, footer=test745320958]]]>
              </value>
            </param>
          </params>
          <reporter-output>
          </reporter-output>
        </test-method> <!-- testGroupCreation -->
        <test-method status="PASS" signature="testGroupCreation(com.example.tests.GroupData)[pri:0, instance:com.example.tests.GroupCreationValid@a9f827]" name="testGroupCreation" duration-ms="2936" started-at="2014-03-15T17:27:36Z" data-provider="randomValidGroupGenerator" finished-at="2014-03-15T17:27:39Z">
          <params>
            <param index="0">
              <value>
                <![CDATA[GroupData [name=, header=, footer=]]]>
              </value>
            </param>
          </params>
          <reporter-output>
          </reporter-output>
        </test-method> <!-- testGroupCreation -->
        <test-method status="PASS" signature="testGroupCreation(com.example.tests.GroupData)[pri:0, instance:com.example.tests.GroupCreationValid@a9f827]" name="testGroupCreation" duration-ms="3691" started-at="2014-03-15T17:27:39Z" data-provider="randomValidGroupGenerator" finished-at="2014-03-15T17:27:42Z">
          <params>
            <param index="0">
              <value>
                <![CDATA[GroupData [name=test1124760228, header=, footer=]]]>
              </value>
            </param>
          </params>
          <reporter-output>
          </reporter-output>
        </test-method> <!-- testGroupCreation -->
        <test-method status="PASS" signature="testGroupCreation(com.example.tests.GroupData)[pri:0, instance:com.example.tests.GroupCreationValid@a9f827]" name="testGroupCreation" duration-ms="3567" started-at="2014-03-15T17:27:43Z" data-provider="randomValidGroupGenerator" finished-at="2014-03-15T17:27:46Z">
          <params>
            <param index="0">
              <value>
                <![CDATA[GroupData [name=, header=, footer=]]]>
              </value>
            </param>
          </params>
          <reporter-output>
          </reporter-output>
        </test-method> <!-- testGroupCreation -->
        <test-method status="PASS" signature="testGroupCreation(com.example.tests.GroupData)[pri:0, instance:com.example.tests.GroupCreationValid@a9f827]" name="testGroupCreation" duration-ms="3551" started-at="2014-03-15T17:27:46Z" data-provider="randomValidGroupGenerator" finished-at="2014-03-15T17:27:50Z">
          <params>
            <param index="0">
              <value>
                <![CDATA[GroupData [name=test-866101631, header=, footer=test293839968]]]>
              </value>
            </param>
          </params>
          <reporter-output>
          </reporter-output>
        </test-method> <!-- testGroupCreation -->
      </class> <!-- com.example.tests.GroupCreationValid -->
      <class name="com.example.tests.ContactRemoval">
        <test-method status="PASS" signature="deleteSomeContact()[pri:0, instance:com.example.tests.ContactRemoval@e2e687]" name="deleteSomeContact" duration-ms="2853" started-at="2014-03-15T17:27:50Z" finished-at="2014-03-15T17:27:52Z">
          <reporter-output>
          </reporter-output>
        </test-method> <!-- deleteSomeContact -->
      </class> <!-- com.example.tests.ContactRemoval -->
      <class name="com.example.tests.GroupRemoval">
        <test-method status="PASS" signature="deleteSomeGroup()[pri:0, instance:com.example.tests.GroupRemoval@9486a5]" name="deleteSomeGroup" duration-ms="2910" started-at="2014-03-15T17:27:30Z" finished-at="2014-03-15T17:27:33Z">
          <reporter-output>
          </reporter-output>
        </test-method> <!-- deleteSomeGroup -->
      </class> <!-- com.example.tests.GroupRemoval -->
      <class name="com.example.tests.ContactModification">
        <test-method status="PASS" signature="modifySomeContact(com.example.tests.ContactData)[pri:0, instance:com.example.tests.ContactModification@1023565]" name="modifySomeContact" duration-ms="4441" started-at="2014-03-15T17:26:49Z" data-provider="randomValidContactGenerator" finished-at="2014-03-15T17:26:54Z">
          <params>
            <param index="0">
              <value>
                <![CDATA[ContactData [lastname=test-816443341]]]>
              </value>
            </param>
          </params>
          <reporter-output>
          </reporter-output>
        </test-method> <!-- modifySomeContact -->
        <test-method status="PASS" signature="modifySomeContact(com.example.tests.ContactData)[pri:0, instance:com.example.tests.ContactModification@1023565]" name="modifySomeContact" duration-ms="5871" started-at="2014-03-15T17:26:54Z" data-provider="randomValidContactGenerator" finished-at="2014-03-15T17:27:00Z">
          <params>
            <param index="0">
              <value>
                <![CDATA[ContactData [lastname=]]]>
              </value>
            </param>
          </params>
          <reporter-output>
          </reporter-output>
        </test-method> <!-- modifySomeContact -->
        <test-method status="PASS" signature="modifySomeContact(com.example.tests.ContactData)[pri:0, instance:com.example.tests.ContactModification@1023565]" name="modifySomeContact" duration-ms="5422" started-at="2014-03-15T17:27:00Z" data-provider="randomValidContactGenerator" finished-at="2014-03-15T17:27:05Z">
          <params>
            <param index="0">
              <value>
                <![CDATA[ContactData [lastname=test1509220588]]]>
              </value>
            </param>
          </params>
          <reporter-output>
          </reporter-output>
        </test-method> <!-- modifySomeContact -->
        <test-method status="PASS" signature="modifySomeContact(com.example.tests.ContactData)[pri:0, instance:com.example.tests.ContactModification@1023565]" name="modifySomeContact" duration-ms="5620" started-at="2014-03-15T17:27:05Z" data-provider="randomValidContactGenerator" finished-at="2014-03-15T17:27:11Z">
          <params>
            <param index="0">
              <value>
                <![CDATA[ContactData [lastname=test-260520469]]]>
              </value>
            </param>
          </params>
          <reporter-output>
          </reporter-output>
        </test-method> <!-- modifySomeContact -->
        <test-method status="PASS" signature="modifySomeContact(com.example.tests.ContactData)[pri:0, instance:com.example.tests.ContactModification@1023565]" name="modifySomeContact" duration-ms="4395" started-at="2014-03-15T17:27:11Z" data-provider="randomValidContactGenerator" finished-at="2014-03-15T17:27:15Z">
          <params>
            <param index="0">
              <value>
                <![CDATA[ContactData [lastname=test23086311]]]>
              </value>
            </param>
          </params>
          <reporter-output>
          </reporter-output>
        </test-method> <!-- modifySomeContact -->
      </class> <!-- com.example.tests.ContactModification -->
      <class name="com.example.tests.ContactCreationValid">
        <test-method status="PASS" signature="setUp()[pri:0, instance:com.example.tests.ContactCreationValid@17ff759]" name="setUp" is-config="true" duration-ms="12124" started-at="2014-03-15T17:26:05Z" finished-at="2014-03-15T17:26:17Z">
          <reporter-output>
          </reporter-output>
        </test-method> <!-- setUp -->
        <test-method status="PASS" signature="testContactCreation(com.example.tests.ContactData)[pri:0, instance:com.example.tests.ContactCreationValid@17ff759]" name="testContactCreation" duration-ms="7602" started-at="2014-03-15T17:26:18Z" data-provider="randomValidContactGenerator" finished-at="2014-03-15T17:26:25Z">
          <params>
            <param index="0">
              <value>
                <![CDATA[ContactData [lastname=]]]>
              </value>
            </param>
          </params>
          <reporter-output>
          </reporter-output>
        </test-method> <!-- testContactCreation -->
        <test-method status="PASS" signature="testContactCreation(com.example.tests.ContactData)[pri:0, instance:com.example.tests.ContactCreationValid@17ff759]" name="testContactCreation" duration-ms="5566" started-at="2014-03-15T17:26:25Z" data-provider="randomValidContactGenerator" finished-at="2014-03-15T17:26:31Z">
          <params>
            <param index="0">
              <value>
                <![CDATA[ContactData [lastname=test-2141119357]]]>
              </value>
            </param>
          </params>
          <reporter-output>
          </reporter-output>
        </test-method> <!-- testContactCreation -->
        <test-method status="PASS" signature="testContactCreation(com.example.tests.ContactData)[pri:0, instance:com.example.tests.ContactCreationValid@17ff759]" name="testContactCreation" duration-ms="5270" started-at="2014-03-15T17:26:31Z" data-provider="randomValidContactGenerator" finished-at="2014-03-15T17:26:36Z">
          <params>
            <param index="0">
              <value>
                <![CDATA[ContactData [lastname=test600384432]]]>
              </value>
            </param>
          </params>
          <reporter-output>
          </reporter-output>
        </test-method> <!-- testContactCreation -->
        <test-method status="PASS" signature="testContactCreation(com.example.tests.ContactData)[pri:0, instance:com.example.tests.ContactCreationValid@17ff759]" name="testContactCreation" duration-ms="5641" started-at="2014-03-15T17:26:36Z" data-provider="randomValidContactGenerator" finished-at="2014-03-15T17:26:42Z">
          <params>
            <param index="0">
              <value>
                <![CDATA[ContactData [lastname=test-430167303]]]>
              </value>
            </param>
          </params>
          <reporter-output>
          </reporter-output>
        </test-method> <!-- testContactCreation -->
        <test-method status="PASS" signature="testContactCreation(com.example.tests.ContactData)[pri:0, instance:com.example.tests.ContactCreationValid@17ff759]" name="testContactCreation" duration-ms="7649" started-at="2014-03-15T17:26:42Z" data-provider="randomValidContactGenerator" finished-at="2014-03-15T17:26:49Z">
          <params>
            <param index="0">
              <value>
                <![CDATA[ContactData [lastname=test403576281]]]>
              </value>
            </param>
          </params>
          <reporter-output>
          </reporter-output>
        </test-method> <!-- testContactCreation -->
        <test-method status="PASS" signature="tearDown()[pri:0, instance:com.example.tests.ContactCreationValid@17ff759]" name="tearDown" is-config="true" duration-ms="555" started-at="2014-03-15T17:27:52Z" finished-at="2014-03-15T17:27:53Z">
          <reporter-output>
          </reporter-output>
        </test-method> <!-- tearDown -->
      </class> <!-- com.example.tests.ContactCreationValid -->
    </test> <!-- Default test -->
  </suite> <!-- Default suite -->
</testng-results>
