<?xml version="1.0" encoding="UTF-8"?>
<testng-results skipped="0" failed="0" total="8" passed="8">
  <reporter-output>
  </reporter-output>
  <suite name="Default suite" duration-ms="40698" started-at="2014-03-15T11:43:38Z" finished-at="2014-03-15T11:44:19Z">
    <groups>
    </groups>
    <test name="Default test" duration-ms="40698" started-at="2014-03-15T11:43:38Z" finished-at="2014-03-15T11:44:19Z">
      <class name="com.example.tests.GroupModification">
        <test-method status="PASS" signature="setUp()[pri:0, instance:com.example.tests.GroupModification@e707bb]" name="setUp" is-config="true" duration-ms="10714" started-at="2014-03-15T15:43:38Z" finished-at="2014-03-15T15:43:49Z">
          <reporter-output>
          </reporter-output>
        </test-method> <!-- setUp -->
        <test-method status="PASS" signature="modifySomeGroup()[pri:0, instance:com.example.tests.GroupModification@e707bb]" name="modifySomeGroup" duration-ms="3335" started-at="2014-03-15T15:43:58Z" finished-at="2014-03-15T15:44:02Z">
          <reporter-output>
          </reporter-output>
        </test-method> <!-- modifySomeGroup -->
        <test-method status="PASS" signature="tearDown()[pri:0, instance:com.example.tests.GroupModification@e707bb]" name="tearDown" is-config="true" duration-ms="515" started-at="2014-03-15T15:44:19Z" finished-at="2014-03-15T15:44:19Z">
          <reporter-output>
          </reporter-output>
        </test-method> <!-- tearDown -->
      </class> <!-- com.example.tests.GroupModification -->
      <class name="com.example.tests.GroupCreation">
        <test-method status="PASS" signature="testGroupCreation()[pri:0, instance:com.example.tests.GroupCreation@1e9c245]" name="testGroupCreation" duration-ms="2905" started-at="2014-03-15T15:44:05Z" finished-at="2014-03-15T15:44:08Z">
          <reporter-output>
          </reporter-output>
        </test-method> <!-- testGroupCreation -->
      </class> <!-- com.example.tests.GroupCreation -->
      <class name="com.example.tests.EmptyGroupCreation">
        <test-method status="PASS" signature="testEmptyGroupCreation()[pri:0, instance:com.example.tests.EmptyGroupCreation@113c116]" name="testEmptyGroupCreation" duration-ms="2930" started-at="2014-03-15T15:44:02Z" finished-at="2014-03-15T15:44:05Z">
          <reporter-output>
          </reporter-output>
        </test-method> <!-- testEmptyGroupCreation -->
      </class> <!-- com.example.tests.EmptyGroupCreation -->
      <class name="com.example.tests.ContactRemoval">
        <test-method status="PASS" signature="deleteSomeContact()[pri:0, instance:com.example.tests.ContactRemoval@1d1a35e]" name="deleteSomeContact" duration-ms="2469" started-at="2014-03-15T15:44:14Z" finished-at="2014-03-15T15:44:17Z">
          <reporter-output>
          </reporter-output>
        </test-method> <!-- deleteSomeContact -->
      </class> <!-- com.example.tests.ContactRemoval -->
      <class name="com.example.tests.ContactCreation">
        <test-method status="PASS" signature="testContactCreation()[pri:0, instance:com.example.tests.ContactCreation@11beb4d]" name="testContactCreation" duration-ms="6495" started-at="2014-03-15T15:44:08Z" finished-at="2014-03-15T15:44:14Z">
          <reporter-output>
          </reporter-output>
        </test-method> <!-- testContactCreation -->
      </class> <!-- com.example.tests.ContactCreation -->
      <class name="com.example.tests.EmptyContactCreation">
        <test-method status="PASS" signature="testContactCreation()[pri:0, instance:com.example.tests.EmptyContactCreation@150dcd3]" name="testContactCreation" duration-ms="4367" started-at="2014-03-15T15:43:54Z" finished-at="2014-03-15T15:43:58Z">
          <reporter-output>
          </reporter-output>
        </test-method> <!-- testContactCreation -->
      </class> <!-- com.example.tests.EmptyContactCreation -->
      <class name="com.example.tests.ContactModification">
        <test-method status="PASS" signature="modifySomeContact()[pri:0, instance:com.example.tests.ContactModification@13d4787]" name="modifySomeContact" duration-ms="4920" started-at="2014-03-15T15:43:49Z" finished-at="2014-03-15T15:43:54Z">
          <reporter-output>
          </reporter-output>
        </test-method> <!-- modifySomeContact -->
      </class> <!-- com.example.tests.ContactModification -->
      <class name="com.example.tests.GroupRemoval">
        <test-method status="PASS" signature="deleteSomeGroup()[pri:0, instance:com.example.tests.GroupRemoval@1d1702e]" name="deleteSomeGroup" duration-ms="2004" started-at="2014-03-15T15:44:17Z" finished-at="2014-03-15T15:44:19Z">
          <reporter-output>
          </reporter-output>
        </test-method> <!-- deleteSomeGroup -->
      </class> <!-- com.example.tests.GroupRemoval -->
    </test> <!-- Default test -->
  </suite> <!-- Default suite -->
</testng-results>
