<?xml version="1.0" encoding="UTF-8"?>
<testng-results skipped="0" failed="0" total="2" passed="2">
  <reporter-output>
  </reporter-output>
  <suite name="Default suite" duration-ms="23115" started-at="2014-03-02T09:09:55Z" finished-at="2014-03-02T09:10:18Z">
    <groups>
    </groups>
    <test name="Default test" duration-ms="23115" started-at="2014-03-02T09:09:55Z" finished-at="2014-03-02T09:10:18Z">
      <class name="com.example.tests.GroupCreationTests">
        <test-method status="PASS" signature="testEmptyGroupCreation()[pri:0, instance:com.example.tests.GroupCreationTests@501e4e]" name="testEmptyGroupCreation" duration-ms="2671" started-at="2014-03-02T13:10:12Z" finished-at="2014-03-02T13:10:15Z">
          <reporter-output>
          </reporter-output>
        </test-method> <!-- testEmptyGroupCreation -->
        <test-method status="PASS" signature="testGroupCreation()[pri:0, instance:com.example.tests.GroupCreationTests@501e4e]" name="testGroupCreation" duration-ms="2761" started-at="2014-03-02T13:10:15Z" finished-at="2014-03-02T13:10:18Z">
          <reporter-output>
          </reporter-output>
        </test-method> <!-- testGroupCreation -->
      </class> <!-- com.example.tests.GroupCreationTests -->
      <class name="com.example.tests.TestBase">
        <test-method status="PASS" signature="setUp()[pri:0, instance:com.example.tests.TestBase@1267610]" name="setUp" is-config="true" duration-ms="17130" started-at="2014-03-02T13:09:55Z" finished-at="2014-03-02T13:10:12Z">
          <reporter-output>
          </reporter-output>
        </test-method> <!-- setUp -->
        <test-method status="PASS" signature="tearDown()[pri:0, instance:com.example.tests.TestBase@1267610]" name="tearDown" is-config="true" duration-ms="521" started-at="2014-03-02T13:10:18Z" finished-at="2014-03-02T13:10:18Z">
          <reporter-output>
          </reporter-output>
        </test-method> <!-- tearDown -->
      </class> <!-- com.example.tests.TestBase -->
    </test> <!-- Default test -->
  </suite> <!-- Default suite -->
</testng-results>
