<?xml version="1.0" encoding="UTF-8"?>
<testng-results skipped="0" failed="0" total="20" passed="20">
  <reporter-output>
  </reporter-output>
  <suite name="Default suite" duration-ms="132091" started-at="2014-03-29T12:20:40Z" finished-at="2014-03-29T12:22:53Z">
    <groups>
    </groups>
    <test name="Default test" duration-ms="132091" started-at="2014-03-29T12:20:40Z" finished-at="2014-03-29T12:22:53Z">
      <class name="com.example.tests.GroupModification">
        <test-method status="PASS" signature="modifySomeGroup(com.example.tests.GroupData)[pri:0, instance:com.example.tests.GroupModification@1187984]" name="modifySomeGroup" duration-ms="2897" started-at="2014-03-29T16:22:36Z" data-provider="randomValidGroupGenerator" finished-at="2014-03-29T16:22:39Z">
          <params>
            <param index="0">
              <value>
                <![CDATA[GroupData [name=test1312945217, header=test-495995846, footer=]]]>
              </value>
            </param>
          </params>
          <reporter-output>
          </reporter-output>
        </test-method> <!-- modifySomeGroup -->
        <test-method status="PASS" signature="modifySomeGroup(com.example.tests.GroupData)[pri:0, instance:com.example.tests.GroupModification@1187984]" name="modifySomeGroup" duration-ms="2662" started-at="2014-03-29T16:22:39Z" data-provider="randomValidGroupGenerator" finished-at="2014-03-29T16:22:42Z">
          <params>
            <param index="0">
              <value>
                <![CDATA[GroupData [name=, header=, footer=test-432946518]]]>
              </value>
            </param>
          </params>
          <reporter-output>
          </reporter-output>
        </test-method> <!-- modifySomeGroup -->
        <test-method status="PASS" signature="modifySomeGroup(com.example.tests.GroupData)[pri:0, instance:com.example.tests.GroupModification@1187984]" name="modifySomeGroup" duration-ms="2853" started-at="2014-03-29T16:22:42Z" data-provider="randomValidGroupGenerator" finished-at="2014-03-29T16:22:45Z">
          <params>
            <param index="0">
              <value>
                <![CDATA[GroupData [name=test191201488, header=, footer=test-1711731742]]]>
              </value>
            </param>
          </params>
          <reporter-output>
          </reporter-output>
        </test-method> <!-- modifySomeGroup -->
        <test-method status="PASS" signature="modifySomeGroup(com.example.tests.GroupData)[pri:0, instance:com.example.tests.GroupModification@1187984]" name="modifySomeGroup" duration-ms="2495" started-at="2014-03-29T16:22:45Z" data-provider="randomValidGroupGenerator" finished-at="2014-03-29T16:22:47Z">
          <params>
            <param index="0">
              <value>
                <![CDATA[GroupData [name=, header=test1235963374, footer=test369828199]]]>
              </value>
            </param>
          </params>
          <reporter-output>
          </reporter-output>
        </test-method> <!-- modifySomeGroup -->
        <test-method status="PASS" signature="modifySomeGroup(com.example.tests.GroupData)[pri:0, instance:com.example.tests.GroupModification@1187984]" name="modifySomeGroup" duration-ms="2821" started-at="2014-03-29T16:22:47Z" data-provider="randomValidGroupGenerator" finished-at="2014-03-29T16:22:50Z">
          <params>
            <param index="0">
              <value>
                <![CDATA[GroupData [name=test1053871389, header=test421768076, footer=]]]>
              </value>
            </param>
          </params>
          <reporter-output>
          </reporter-output>
        </test-method> <!-- modifySomeGroup -->
      </class> <!-- com.example.tests.GroupModification -->
      <class name="com.example.tests.GroupCreationValid">
        <test-method status="PASS" signature="setUp()[pri:0, instance:com.example.tests.GroupCreationValid@1da5d65]" name="setUp" is-config="true" duration-ms="13697" started-at="2014-03-29T16:20:40Z" finished-at="2014-03-29T16:20:54Z">
          <reporter-output>
          </reporter-output>
        </test-method> <!-- setUp -->
        <test-method status="PASS" signature="testGroupCreation(com.example.tests.GroupData)[pri:0, instance:com.example.tests.GroupCreationValid@1da5d65]" name="testGroupCreation" duration-ms="34112" started-at="2014-03-29T16:21:51Z" data-provider="groupsFromFile" finished-at="2014-03-29T16:22:25Z">
          <params>
            <param index="0">
              <value>
                <![CDATA[GroupData [name=test-739870091, header=, footer=test1543640303]]]>
              </value>
            </param>
          </params>
          <reporter-output>
          </reporter-output>
        </test-method> <!-- testGroupCreation -->
        <test-method status="PASS" signature="testGroupCreation(com.example.tests.GroupData)[pri:0, instance:com.example.tests.GroupCreationValid@1da5d65]" name="testGroupCreation" duration-ms="2476" started-at="2014-03-29T16:22:25Z" data-provider="groupsFromFile" finished-at="2014-03-29T16:22:28Z">
          <params>
            <param index="0">
              <value>
                <![CDATA[GroupData [name=test-1320534168, header=test555315269, footer=]]]>
              </value>
            </param>
          </params>
          <reporter-output>
          </reporter-output>
        </test-method> <!-- testGroupCreation -->
        <test-method status="PASS" signature="testGroupCreation(com.example.tests.GroupData)[pri:0, instance:com.example.tests.GroupCreationValid@1da5d65]" name="testGroupCreation" duration-ms="2667" started-at="2014-03-29T16:22:28Z" data-provider="groupsFromFile" finished-at="2014-03-29T16:22:30Z">
          <params>
            <param index="0">
              <value>
                <![CDATA[GroupData [name=test1573066587, header=test1017795177, footer=test543533031]]]>
              </value>
            </param>
          </params>
          <reporter-output>
          </reporter-output>
        </test-method> <!-- testGroupCreation -->
        <test-method status="PASS" signature="testGroupCreation(com.example.tests.GroupData)[pri:0, instance:com.example.tests.GroupCreationValid@1da5d65]" name="testGroupCreation" duration-ms="2791" started-at="2014-03-29T16:22:30Z" data-provider="groupsFromFile" finished-at="2014-03-29T16:22:33Z">
          <params>
            <param index="0">
              <value>
                <![CDATA[GroupData [name=, header=test-1291799785, footer=test-239015983]]]>
              </value>
            </param>
          </params>
          <reporter-output>
          </reporter-output>
        </test-method> <!-- testGroupCreation -->
        <test-method status="PASS" signature="testGroupCreation(com.example.tests.GroupData)[pri:0, instance:com.example.tests.GroupCreationValid@1da5d65]" name="testGroupCreation" duration-ms="2882" started-at="2014-03-29T16:22:33Z" data-provider="groupsFromFile" finished-at="2014-03-29T16:22:36Z">
          <params>
            <param index="0">
              <value>
                <![CDATA[GroupData [name=test-1058963055, header=test2122533042, footer=]]]>
              </value>
            </param>
          </params>
          <reporter-output>
          </reporter-output>
        </test-method> <!-- testGroupCreation -->
        <test-method status="PASS" signature="tearDown()[pri:0, instance:com.example.tests.GroupCreationValid@1da5d65]" name="tearDown" is-config="true" duration-ms="357" started-at="2014-03-29T16:22:52Z" finished-at="2014-03-29T16:22:53Z">
          <reporter-output>
          </reporter-output>
        </test-method> <!-- tearDown -->
      </class> <!-- com.example.tests.GroupCreationValid -->
      <class name="com.example.tests.ContactRemoval">
        <test-method status="PASS" signature="deleteSomeContact()[pri:0, instance:com.example.tests.ContactRemoval@1dd0fe7]" name="deleteSomeContact" duration-ms="3697" started-at="2014-03-29T16:21:47Z" finished-at="2014-03-29T16:21:51Z">
          <reporter-output>
          </reporter-output>
        </test-method> <!-- deleteSomeContact -->
      </class> <!-- com.example.tests.ContactRemoval -->
      <class name="com.example.tests.ContactModification">
        <test-method status="PASS" signature="modifySomeContact(com.example.tests.ContactData)[pri:0, instance:com.example.tests.ContactModification@3f0bc0]" name="modifySomeContact" duration-ms="6124" started-at="2014-03-29T16:21:18Z" data-provider="randomValidContactGenerator" finished-at="2014-03-29T16:21:24Z">
          <params>
            <param index="0">
              <value>
                <![CDATA[ContactData [lastname=]]]>
              </value>
            </param>
          </params>
          <reporter-output>
          </reporter-output>
        </test-method> <!-- modifySomeContact -->
        <test-method status="PASS" signature="modifySomeContact(com.example.tests.ContactData)[pri:0, instance:com.example.tests.ContactModification@3f0bc0]" name="modifySomeContact" duration-ms="5822" started-at="2014-03-29T16:21:24Z" data-provider="randomValidContactGenerator" finished-at="2014-03-29T16:21:30Z">
          <params>
            <param index="0">
              <value>
                <![CDATA[ContactData [lastname=test947170610]]]>
              </value>
            </param>
          </params>
          <reporter-output>
          </reporter-output>
        </test-method> <!-- modifySomeContact -->
        <test-method status="PASS" signature="modifySomeContact(com.example.tests.ContactData)[pri:0, instance:com.example.tests.ContactModification@3f0bc0]" name="modifySomeContact" duration-ms="6193" started-at="2014-03-29T16:21:30Z" data-provider="randomValidContactGenerator" finished-at="2014-03-29T16:21:36Z">
          <params>
            <param index="0">
              <value>
                <![CDATA[ContactData [lastname=test-1580460514]]]>
              </value>
            </param>
          </params>
          <reporter-output>
          </reporter-output>
        </test-method> <!-- modifySomeContact -->
        <test-method status="PASS" signature="modifySomeContact(com.example.tests.ContactData)[pri:0, instance:com.example.tests.ContactModification@3f0bc0]" name="modifySomeContact" duration-ms="5366" started-at="2014-03-29T16:21:36Z" data-provider="randomValidContactGenerator" finished-at="2014-03-29T16:21:41Z">
          <params>
            <param index="0">
              <value>
                <![CDATA[ContactData [lastname=test-1961298551]]]>
              </value>
            </param>
          </params>
          <reporter-output>
          </reporter-output>
        </test-method> <!-- modifySomeContact -->
        <test-method status="PASS" signature="modifySomeContact(com.example.tests.ContactData)[pri:0, instance:com.example.tests.ContactModification@3f0bc0]" name="modifySomeContact" duration-ms="6049" started-at="2014-03-29T16:21:41Z" data-provider="randomValidContactGenerator" finished-at="2014-03-29T16:21:47Z">
          <params>
            <param index="0">
              <value>
                <![CDATA[ContactData [lastname=test1082795424]]]>
              </value>
            </param>
          </params>
          <reporter-output>
          </reporter-output>
        </test-method> <!-- modifySomeContact -->
      </class> <!-- com.example.tests.ContactModification -->
      <class name="com.example.tests.GroupRemoval">
        <test-method status="PASS" signature="deleteSomeGroup()[pri:0, instance:com.example.tests.GroupRemoval@11c7295]" name="deleteSomeGroup" duration-ms="2311" started-at="2014-03-29T16:22:50Z" finished-at="2014-03-29T16:22:52Z">
          <reporter-output>
          </reporter-output>
        </test-method> <!-- deleteSomeGroup -->
      </class> <!-- com.example.tests.GroupRemoval -->
      <class name="com.example.tests.ContactCreationValid">
        <test-method status="PASS" signature="testContactCreation(com.example.tests.ContactData)[pri:0, instance:com.example.tests.ContactCreationValid@1d2052b]" name="testContactCreation" duration-ms="9686" started-at="2014-03-29T16:20:55Z" data-provider="contactsFromFile" finished-at="2014-03-29T16:21:04Z">
          <params>
            <param index="0">
              <value>
                <![CDATA[ContactData [lastname=]]]>
              </value>
            </param>
          </params>
          <reporter-output>
          </reporter-output>
        </test-method> <!-- testContactCreation -->
        <test-method status="PASS" signature="testContactCreation(com.example.tests.ContactData)[pri:0, instance:com.example.tests.ContactCreationValid@1d2052b]" name="testContactCreation" duration-ms="6740" started-at="2014-03-29T16:21:04Z" data-provider="contactsFromFile" finished-at="2014-03-29T16:21:11Z">
          <params>
            <param index="0">
              <value>
                <![CDATA[ContactData [lastname=test-1392352273]]]>
              </value>
            </param>
          </params>
          <reporter-output>
          </reporter-output>
        </test-method> <!-- testContactCreation -->
        <test-method status="PASS" signature="testContactCreation(com.example.tests.ContactData)[pri:0, instance:com.example.tests.ContactCreationValid@1d2052b]" name="testContactCreation" duration-ms="6991" started-at="2014-03-29T16:21:11Z" data-provider="contactsFromFile" finished-at="2014-03-29T16:21:18Z">
          <params>
            <param index="0">
              <value>
                <![CDATA[ContactData [lastname=]]]>
              </value>
            </param>
          </params>
          <reporter-output>
          </reporter-output>
        </test-method> <!-- testContactCreation -->
      </class> <!-- com.example.tests.ContactCreationValid -->
    </test> <!-- Default test -->
  </suite> <!-- Default suite -->
</testng-results>
