<?xml version="1.0" encoding="UTF-8"?>
<testng-results skipped="0" failed="0" total="2" passed="2">
  <reporter-output>
  </reporter-output>
  <suite name="Default suite" duration-ms="20592" started-at="2014-03-02T09:23:14Z" finished-at="2014-03-02T09:23:35Z">
    <groups>
    </groups>
    <test name="Default test" duration-ms="20592" started-at="2014-03-02T09:23:14Z" finished-at="2014-03-02T09:23:35Z">
      <class name="com.example.tests.GroupCreation">
        <test-method status="PASS" signature="setUp()[pri:0, instance:com.example.tests.GroupCreation@f02a6d]" name="setUp" is-config="true" duration-ms="13315" started-at="2014-03-02T13:23:14Z" finished-at="2014-03-02T13:23:27Z">
          <reporter-output>
          </reporter-output>
        </test-method> <!-- setUp -->
        <test-method status="PASS" signature="testGroupCreation()[pri:0, instance:com.example.tests.GroupCreation@f02a6d]" name="testGroupCreation" duration-ms="4477" started-at="2014-03-02T13:23:28Z" finished-at="2014-03-02T13:23:32Z">
          <reporter-output>
          </reporter-output>
        </test-method> <!-- testGroupCreation -->
        <test-method status="PASS" signature="tearDown()[pri:0, instance:com.example.tests.GroupCreation@f02a6d]" name="tearDown" is-config="true" duration-ms="397" started-at="2014-03-02T13:23:34Z" finished-at="2014-03-02T13:23:35Z">
          <reporter-output>
          </reporter-output>
        </test-method> <!-- tearDown -->
      </class> <!-- com.example.tests.GroupCreation -->
      <class name="com.example.tests.EmptyGroupCreation">
        <test-method status="PASS" signature="testEmptyGroupCreation()[pri:0, instance:com.example.tests.EmptyGroupCreation@dd7658]" name="testEmptyGroupCreation" duration-ms="2365" started-at="2014-03-02T13:23:32Z" finished-at="2014-03-02T13:23:34Z">
          <reporter-output>
          </reporter-output>
        </test-method> <!-- testEmptyGroupCreation -->
      </class> <!-- com.example.tests.EmptyGroupCreation -->
    </test> <!-- Default test -->
  </suite> <!-- Default suite -->
</testng-results>
