<?xml version="1.0" encoding="UTF-8"?>
<!-- Generated by org.testng.reporters.JUnitXMLReporter -->
<testsuite hostname="User-PC" name="Default test" tests="8" failures="0" timestamp="15 Mar 2014 11:44:19 GMT" time="40.698" errors="0">
  <testcase name="modifySomeContact" time="4.92" classname="com.example.tests.ContactModification"/>
  <testcase name="testContactCreation" time="4.367" classname="com.example.tests.EmptyContactCreation"/>
  <testcase name="modifySomeGroup" time="3.335" classname="com.example.tests.GroupModification"/>
  <testcase name="testEmptyGroupCreation" time="2.93" classname="com.example.tests.EmptyGroupCreation"/>
  <testcase name="testGroupCreation" time="2.905" classname="com.example.tests.GroupCreation"/>
  <testcase name="testContactCreation" time="6.495" classname="com.example.tests.ContactCreation"/>
  <testcase name="deleteSomeContact" time="2.469" classname="com.example.tests.ContactRemoval"/>
  <testcase name="deleteSomeGroup" time="2.004" classname="com.example.tests.GroupRemoval"/>
</testsuite> <!-- Default test -->
