<?xml version="1.0" encoding="UTF-8"?>
<!-- Generated by org.testng.reporters.JUnitXMLReporter -->
<testsuite hostname="User-PC" name="Default test" tests="22" failures="0" timestamp="15 Mar 2014 13:27:53 GMT" time="107.677" errors="0">
  <testcase name="testContactCreation" time="7.602" classname="com.example.tests.ContactCreationValid"/>
  <testcase name="testContactCreation" time="5.566" classname="com.example.tests.ContactCreationValid"/>
  <testcase name="testContactCreation" time="5.27" classname="com.example.tests.ContactCreationValid"/>
  <testcase name="testContactCreation" time="5.641" classname="com.example.tests.ContactCreationValid"/>
  <testcase name="testContactCreation" time="7.649" classname="com.example.tests.ContactCreationValid"/>
  <testcase name="modifySomeContact" time="4.441" classname="com.example.tests.ContactModification"/>
  <testcase name="modifySomeContact" time="5.871" classname="com.example.tests.ContactModification"/>
  <testcase name="modifySomeContact" time="5.422" classname="com.example.tests.ContactModification"/>
  <testcase name="modifySomeContact" time="5.62" classname="com.example.tests.ContactModification"/>
  <testcase name="modifySomeContact" time="4.395" classname="com.example.tests.ContactModification"/>
  <testcase name="modifySomeGroup" time="2.901" classname="com.example.tests.GroupModification"/>
  <testcase name="modifySomeGroup" time="3.169" classname="com.example.tests.GroupModification"/>
  <testcase name="modifySomeGroup" time="2.641" classname="com.example.tests.GroupModification"/>
  <testcase name="modifySomeGroup" time="2.718" classname="com.example.tests.GroupModification"/>
  <testcase name="modifySomeGroup" time="3.156" classname="com.example.tests.GroupModification"/>
  <testcase name="deleteSomeGroup" time="2.91" classname="com.example.tests.GroupRemoval"/>
  <testcase name="testGroupCreation" time="3.341" classname="com.example.tests.GroupCreationValid"/>
  <testcase name="testGroupCreation" time="2.936" classname="com.example.tests.GroupCreationValid"/>
  <testcase name="testGroupCreation" time="3.691" classname="com.example.tests.GroupCreationValid"/>
  <testcase name="testGroupCreation" time="3.567" classname="com.example.tests.GroupCreationValid"/>
  <testcase name="testGroupCreation" time="3.551" classname="com.example.tests.GroupCreationValid"/>
  <testcase name="deleteSomeContact" time="2.853" classname="com.example.tests.ContactRemoval"/>
</testsuite> <!-- Default test -->
